# JRE version: OpenJDK Runtime Environment Temurin-21.0.10+7 (21.0.10+7) (build 21.0.10+7-LTS)
# Java VM: OpenJDK 64-Bit Server VM Temurin-21.0.10+7 (21.0.10+7-LTS, mixed mode, sharing, tiered, compressed oops, compressed class ptrs, parallel gc, windows-amd64)
GC Precious Log:
 CardTable entry size: 512
 CPUs: 8 total, 8 available
 Memory: 18370M
 Large Page Support: Disabled
 NUMA Support: Disabled
 Compressed Oops: Enabled (32-bit)
 Alignments: Space 512K, Generation 512K, Heap 2M
 Heap Min Capacity: 100M
 Heap Initial Capacity: 100M
 Heap Max Capacity: 2G
 Pre-touch: Disabled
 Parallel Workers: 8
Heap:
 PSYoungGen      total 12800K, used 4116K [0x00000000d5580000, 0x00000000d6400000, 0x0000000100000000)
  eden space 11264K, 26% used [0x00000000d5580000,0x00000000d586adf8,0x00000000d6080000)
  from space 1536K, 73% used [0x00000000d6280000,0x00000000d639a460,0x00000000d6400000)
  to   space 1536K, 0% used [0x00000000d6100000,0x00000000d6100000,0x00000000d6280000)
 ParOldGen       total 347136K, used 346977K [0x0000000080000000, 0x0000000095300000, 0x00000000d5580000)
  object space 347136K, 99% used [0x0000000080000000,0x00000000952d8458,0x0000000095300000)
 Metaspace       used 89932K, committed 91776K, reserved 1179648K
  class space    used 9278K, committed 10112K, reserved 1048576K
GC Heap History (20 events):
Event: 662904.471 GC heap before
{Heap before GC invocations=1555 (full 6):
 PSYoungGen      total 16896K, used 16428K [0x00000000d5580000, 0x00000000d7280000, 0x0000000100000000)
  eden space 4096K, 100% used [0x00000000d5580000,0x00000000d5980000,0x00000000d5980000)
  from space 12800K, 96% used [0x00000000d6600000,0x00000000d720b3b0,0x00000000d7280000)
  to   space 12800K, 0% used [0x00000000d5980000,0x00000000d5980000,0x00000000d6600000)
 ParOldGen       total 297472K, used 297428K [0x0000000080000000, 0x0000000092280000, 0x00000000d5580000)
  object space 297472K, 99% used [0x0000000080000000,0x0000000092275108,0x0000000092280000)
 Metaspace       used 89857K, committed 91648K, reserved 1179648K
  class space    used 9276K, committed 10112K, reserved 1048576K
}
Event: 662904.481 GC heap after
{Heap after GC invocations=1555 (full 6):
 PSYoungGen      total 9728K, used 5456K [0x00000000d5580000, 0x00000000d6a80000, 0x0000000100000000)
  eden space 4096K, 0% used [0x00000000d5580000,0x00000000d5580000,0x00000000d5980000)
  from space 5632K, 96% used [0x00000000d5980000,0x00000000d5ed4020,0x00000000d5f00000)
  to   space 8192K, 0% used [0x00000000d6280000,0x00000000d6280000,0x00000000d6a80000)
 ParOldGen       total 301568K, used 301076K [0x0000000080000000, 0x0000000092680000, 0x00000000d5580000)
  object space 301568K, 99% used [0x0000000080000000,0x0000000092605108,0x0000000092680000)
 Metaspace       used 89857K, committed 91648K, reserved 1179648K
  class space    used 9276K, committed 10112K, reserved 1048576K
}
Event: 662904.520 GC heap before
{Heap before GC invocations=1556 (full 6):
 PSYoungGen      total 9728K, used 9552K [0x00000000d5580000, 0x00000000d6a80000, 0x0000000100000000)
  eden space 4096K, 100% used [0x00000000d5580000,0x00000000d5980000,0x00000000d5980000)
  from space 5632K, 96% used [0x00000000d5980000,0x00000000d5ed4020,0x00000000d5f00000)
  to   space 8192K, 0% used [0x00000000d6280000,0x00000000d6280000,0x00000000d6a80000)
 ParOldGen       total 333312K, used 331796K [0x0000000080000000, 0x0000000094580000, 0x00000000d5580000)
  object space 333312K, 99% used [0x0000000080000000,0x0000000094405138,0x0000000094580000)
 Metaspace       used 89857K, committed 91648K, reserved 1179648K
  class space    used 9276K, committed 10112K, reserved 1048576K
}
Event: 662904.526 GC heap after
{Heap after GC invocations=1556 (full 6):
 PSYoungGen      total 11264K, used 5892K [0x00000000d5580000, 0x00000000d6880000, 0x0000000100000000)
  eden space 5120K, 0% used [0x00000000d5580000,0x00000000d5580000,0x00000000d5a80000)
  from space 6144K, 95% used [0x00000000d6280000,0x00000000d6841320,0x00000000d6880000)
  to   space 6656K, 0% used [0x00000000d5b80000,0x00000000d5b80000,0x00000000d6200000)
 ParOldGen       total 334336K, used 334276K [0x0000000080000000, 0x0000000094680000, 0x00000000d5580000)
  object space 334336K, 99% used [0x0000000080000000,0x0000000094671138,0x0000000094680000)
 Metaspace       used 89857K, committed 91648K, reserved 1179648K
  class space    used 9276K, committed 10112K, reserved 1048576K
}
Event: 662904.547 GC heap before
{Heap before GC invocations=1557 (full 6):
 PSYoungGen      total 11264K, used 11012K [0x00000000d5580000, 0x00000000d6880000, 0x0000000100000000)
  eden space 5120K, 100% used [0x00000000d5580000,0x00000000d5a80000,0x00000000d5a80000)
  from space 6144K, 95% used [0x00000000d6280000,0x00000000d6841320,0x00000000d6880000)
  to   space 6656K, 0% used [0x00000000d5b80000,0x00000000d5b80000,0x00000000d6200000)
 ParOldGen       total 334336K, used 334276K [0x0000000080000000, 0x0000000094680000, 0x00000000d5580000)
  object space 334336K, 99% used [0x0000000080000000,0x0000000094671138,0x0000000094680000)
 Metaspace       used 89857K, committed 91648K, reserved 1179648K
  class space    used 9276K, committed 10112K, reserved 1048576K
}
Event: 662904.554 GC heap after
{Heap after GC invocations=1557 (full 6):
 PSYoungGen      total 12800K, used 6644K [0x00000000d5580000, 0x00000000d7280000, 0x0000000100000000)
  eden space 6144K, 0% used [0x00000000d5580000,0x00000000d5580000,0x00000000d5b80000)
  from space 6656K, 99% used [0x00000000d5b80000,0x00000000d61fd320,0x00000000d6200000)
  to   space 11776K, 0% used [0x00000000d6700000,0x00000000d6700000,0x00000000d7280000)
 ParOldGen       total 338432K, used 338132K [0x0000000080000000, 0x0000000094a80000, 0x00000000d5580000)
  object space 338432K, 99% used [0x0000000080000000,0x0000000094a35138,0x0000000094a80000)
 Metaspace       used 89857K, committed 91648K, reserved 1179648K
  class space    used 9276K, committed 10112K, reserved 1048576K
}
Event: 662904.783 GC heap before
{Heap before GC invocations=1558 (full 6):
 PSYoungGen      total 12800K, used 12222K [0x00000000d5580000, 0x00000000d7280000, 0x0000000100000000)
  eden space 6144K, 90% used [0x00000000d5580000,0x00000000d5af2848,0x00000000d5b80000)
  from space 6656K, 99% used [0x00000000d5b80000,0x00000000d61fd320,0x00000000d6200000)
  to   space 11776K, 0% used [0x00000000d6700000,0x00000000d6700000,0x00000000d7280000)
 ParOldGen       total 338432K, used 338132K [0x0000000080000000, 0x0000000094a80000, 0x00000000d5580000)
  object space 338432K, 99% used [0x0000000080000000,0x0000000094a35138,0x0000000094a80000)
 Metaspace       used 89886K, committed 91712K, reserved 1179648K
  class space    used 9278K, committed 10112K, reserved 1048576K
}
Event: 662904.794 GC heap after
{Heap after GC invocations=1558 (full 6):
 PSYoungGen      total 13312K, used 5984K [0x00000000d5580000, 0x00000000d6d00000, 0x0000000100000000)
  eden space 7168K, 0% used [0x00000000d5580000,0x00000000d5580000,0x00000000d5c80000)
  from space 6144K, 97% used [0x00000000d6700000,0x00000000d6cd8000,0x00000000d6d00000)
  to   space 7680K, 0% used [0x00000000d5e00000,0x00000000d5e00000,0x00000000d6580000)
 ParOldGen       total 341504K, used 341113K [0x0000000080000000, 0x0000000094d80000, 0x00000000d5580000)
  object space 341504K, 99% used [0x0000000080000000,0x0000000094d1e458,0x0000000094d80000)
 Metaspace       used 89886K, committed 91712K, reserved 1179648K
  class space    used 9278K, committed 10112K, reserved 1048576K
}
Event: 662904.846 GC heap before
{Heap before GC invocations=1559 (full 6):
 PSYoungGen      total 13312K, used 13152K [0x00000000d5580000, 0x00000000d6d00000, 0x0000000100000000)
  eden space 7168K, 100% used [0x00000000d5580000,0x00000000d5c80000,0x00000000d5c80000)
  from space 6144K, 97% used [0x00000000d6700000,0x00000000d6cd8000,0x00000000d6d00000)
  to   space 7680K, 0% used [0x00000000d5e00000,0x00000000d5e00000,0x00000000d6580000)
 ParOldGen       total 341504K, used 341113K [0x0000000080000000, 0x0000000094d80000, 0x00000000d5580000)
  object space 341504K, 99% used [0x0000000080000000,0x0000000094d1e458,0x0000000094d80000)
 Metaspace       used 89896K, committed 91712K, reserved 1179648K
  class space    used 9278K, committed 10112K, reserved 1048576K
}
Event: 662904.852 GC heap after
{Heap after GC invocations=1559 (full 6):
 PSYoungGen      total 10752K, used 2304K [0x00000000d5580000, 0x00000000d6780000, 0x0000000100000000)
  eden space 8192K, 0% used [0x00000000d5580000,0x00000000d5580000,0x00000000d5d80000)
  from space 2560K, 90% used [0x00000000d5e00000,0x00000000d6040000,0x00000000d6080000)
  to   space 4096K, 0% used [0x00000000d6380000,0x00000000d6380000,0x00000000d6780000)
 ParOldGen       total 345088K, used 344825K [0x0000000080000000, 0x0000000095100000, 0x00000000d5580000)
  object space 345088K, 99% used [0x0000000080000000,0x00000000950be458,0x0000000095100000)
 Metaspace       used 89896K, committed 91712K, reserved 1179648K
  class space    used 9278K, committed 10112K, reserved 1048576K
}
Event: 662905.024 GC heap before
{Heap before GC invocations=1560 (full 6):
 PSYoungGen      total 10752K, used 10496K [0x00000000d5580000, 0x00000000d6780000, 0x0000000100000000)
  eden space 8192K, 100% used [0x00000000d5580000,0x00000000d5d80000,0x00000000d5d80000)
  from space 2560K, 90% used [0x00000000d5e00000,0x00000000d6040000,0x00000000d6080000)
  to   space 4096K, 0% used [0x00000000d6380000,0x00000000d6380000,0x00000000d6780000)
 ParOldGen       total 345088K, used 344825K [0x0000000080000000, 0x0000000095100000, 0x00000000d5580000)
  object space 345088K, 99% used [0x0000000080000000,0x00000000950be458,0x0000000095100000)
 Metaspace       used 89904K, committed 91712K, reserved 1179648K
  class space    used 9278K, committed 10112K, reserved 1048576K
}
Event: 662905.028 GC heap after
{Heap after GC invocations=1560 (full 6):
 PSYoungGen      total 12288K, used 2900K [0x00000000d5580000, 0x00000000d6680000, 0x0000000100000000)
  eden space 9216K, 0% used [0x00000000d5580000,0x00000000d5580000,0x00000000d5e80000)
  from space 3072K, 94% used [0x00000000d6380000,0x00000000d6655240,0x00000000d6680000)
  to   space 3072K, 0% used [0x00000000d6080000,0x00000000d6080000,0x00000000d6380000)
 ParOldGen       total 345088K, used 344825K [0x0000000080000000, 0x0000000095100000, 0x00000000d5580000)
  object space 345088K, 99% used [0x0000000080000000,0x00000000950be458,0x0000000095100000)
 Metaspace       used 89904K, committed 91712K, reserved 1179648K
  class space    used 9278K, committed 10112K, reserved 1048576K
}
Event: 676742.570 GC heap before
{Heap before GC invocations=1561 (full 6):
 PSYoungGen      total 12288K, used 12116K [0x00000000d5580000, 0x00000000d6680000, 0x0000000100000000)
  eden space 9216K, 100% used [0x00000000d5580000,0x00000000d5e80000,0x00000000d5e80000)
  from space 3072K, 94% used [0x00000000d6380000,0x00000000d6655240,0x00000000d6680000)
  to   space 3072K, 0% used [0x00000000d6080000,0x00000000d6080000,0x00000000d6380000)
 ParOldGen       total 345088K, used 344825K [0x0000000080000000, 0x0000000095100000, 0x00000000d5580000)
  object space 345088K, 99% used [0x0000000080000000,0x00000000950be458,0x0000000095100000)
 Metaspace       used 89920K, committed 91712K, reserved 1179648K
  class space    used 9278K, committed 10112K, reserved 1048576K
}
Event: 676742.577 GC heap after
{Heap after GC invocations=1561 (full 6):
 PSYoungGen      total 12800K, used 2352K [0x00000000d5580000, 0x00000000d6580000, 0x0000000100000000)
  eden space 10240K, 0% used [0x00000000d5580000,0x00000000d5580000,0x00000000d5f80000)
  from space 2560K, 91% used [0x00000000d6080000,0x00000000d62cc050,0x00000000d6300000)
  to   space 2560K, 0% used [0x00000000d6300000,0x00000000d6300000,0x00000000d6580000)
 ParOldGen       total 345088K, used 344825K [0x0000000080000000, 0x0000000095100000, 0x00000000d5580000)
  object space 345088K, 99% used [0x0000000080000000,0x00000000950be458,0x0000000095100000)
 Metaspace       used 89920K, committed 91712K, reserved 1179648K
  class space    used 9278K, committed 10112K, reserved 1048576K
}
Event: 702010.963 GC heap before
{Heap before GC invocations=1562 (full 6):
 PSYoungGen      total 12800K, used 12592K [0x00000000d5580000, 0x00000000d6580000, 0x0000000100000000)
  eden space 10240K, 100% used [0x00000000d5580000,0x00000000d5f80000,0x00000000d5f80000)
  from space 2560K, 91% used [0x00000000d6080000,0x00000000d62cc050,0x00000000d6300000)
  to   space 2560K, 0% used [0x00000000d6300000,0x00000000d6300000,0x00000000d6580000)
 ParOldGen       total 345088K, used 344825K [0x0000000080000000, 0x0000000095100000, 0x00000000d5580000)
  object space 345088K, 99% used [0x0000000080000000,0x00000000950be458,0x0000000095100000)
 Metaspace       used 89920K, committed 91712K, reserved 1179648K
  class space    used 9278K, committed 10112K, reserved 1048576K
}
Event: 702010.983 GC heap after
{Heap after GC invocations=1562 (full 6):
 PSYoungGen      total 13312K, used 2548K [0x00000000d5580000, 0x00000000d6680000, 0x0000000100000000)
  eden space 10752K, 0% used [0x00000000d5580000,0x00000000d5580000,0x00000000d6000000)
  from space 2560K, 99% used [0x00000000d6300000,0x00000000d657d240,0x00000000d6580000)
  to   space 3072K, 0% used [0x00000000d6000000,0x00000000d6000000,0x00000000d6300000)
 ParOldGen       total 345088K, used 344881K [0x0000000080000000, 0x0000000095100000, 0x00000000d5580000)
  object space 345088K, 99% used [0x0000000080000000,0x00000000950cc458,0x0000000095100000)
 Metaspace       used 89920K, committed 91712K, reserved 1179648K
  class space    used 9278K, committed 10112K, reserved 1048576K
}
Event: 729365.693 GC heap before
{Heap before GC invocations=1563 (full 6):
 PSYoungGen      total 13312K, used 13300K [0x00000000d5580000, 0x00000000d6680000, 0x0000000100000000)
  eden space 10752K, 100% used [0x00000000d5580000,0x00000000d6000000,0x00000000d6000000)
  from space 2560K, 99% used [0x00000000d6300000,0x00000000d657d240,0x00000000d6580000)
  to   space 3072K, 0% used [0x00000000d6000000,0x00000000d6000000,0x00000000d6300000)
 ParOldGen       total 345088K, used 344881K [0x0000000080000000, 0x0000000095100000, 0x00000000d5580000)
  object space 345088K, 99% used [0x0000000080000000,0x00000000950cc458,0x0000000095100000)
 Metaspace       used 89920K, committed 91712K, reserved 1179648K
  class space    used 9278K, committed 10112K, reserved 1048576K
}
Event: 729365.731 GC heap after
{Heap after GC invocations=1563 (full 6):
 PSYoungGen      total 11776K, used 900K [0x00000000d5580000, 0x00000000d6400000, 0x0000000100000000)
  eden space 10752K, 0% used [0x00000000d5580000,0x00000000d5580000,0x00000000d6000000)
  from space 1024K, 87% used [0x00000000d6000000,0x00000000d60e1230,0x00000000d6100000)
  to   space 1536K, 0% used [0x00000000d6280000,0x00000000d6280000,0x00000000d6400000)
 ParOldGen       total 347136K, used 346977K [0x0000000080000000, 0x0000000095300000, 0x00000000d5580000)
  object space 347136K, 99% used [0x0000000080000000,0x00000000952d8458,0x0000000095300000)
 Metaspace       used 89920K, committed 91712K, reserved 1179648K
  class space    used 9278K, committed 10112K, reserved 1048576K
}
Event: 744445.787 GC heap before
{Heap before GC invocations=1564 (full 6):
 PSYoungGen      total 11776K, used 11652K [0x00000000d5580000, 0x00000000d6400000, 0x0000000100000000)
  eden space 10752K, 100% used [0x00000000d5580000,0x00000000d6000000,0x00000000d6000000)
  from space 1024K, 87% used [0x00000000d6000000,0x00000000d60e1230,0x00000000d6100000)
  to   space 1536K, 0% used [0x00000000d6280000,0x00000000d6280000,0x00000000d6400000)
 ParOldGen       total 347136K, used 346977K [0x0000000080000000, 0x0000000095300000, 0x00000000d5580000)
  object space 347136K, 99% used [0x0000000080000000,0x00000000952d8458,0x0000000095300000)
 Metaspace       used 89927K, committed 91712K, reserved 1179648K
  class space    used 9278K, committed 10112K, reserved 1048576K
}
Event: 744445.798 GC heap after
{Heap after GC invocations=1564 (full 6):
 PSYoungGen      total 12800K, used 1129K [0x00000000d5580000, 0x00000000d6400000, 0x0000000100000000)
  eden space 11264K, 0% used [0x00000000d5580000,0x00000000d5580000,0x00000000d6080000)
  from space 1536K, 73% used [0x00000000d6280000,0x00000000d639a460,0x00000000d6400000)
  to   space 1536K, 0% used [0x00000000d6100000,0x00000000d6100000,0x00000000d6280000)
 ParOldGen       total 347136K, used 346977K [0x0000000080000000, 0x0000000095300000, 0x00000000d5580000)
  object space 347136K, 99% used [0x0000000080000000,0x00000000952d8458,0x0000000095300000)
 Metaspace       used 89927K, committed 91712K, reserved 1179648K
  class space    used 9278K, committed 10112K, reserved 1048576K
}

